Downloading: "https://download.pytorch.org/models/resnet18-f37072fd.pth" to /zhome/fe/3/214307/.cache/torch/hub/checkpoints/resnet18-f37072fd.pth
Loss train: 0.652	 test: 0.582	 Accuracy train: 61.9%	 test: 71.1%
Loss train: 0.523	 test: 0.484	 Accuracy train: 76.6%	 test: 79.8%
Loss train: 0.439	 test: 0.417	 Accuracy train: 83.5%	 test: 82.0%
Loss train: 0.392	 test: 0.387	 Accuracy train: 85.8%	 test: 84.5%
Loss train: 0.366	 test: 0.349	 Accuracy train: 86.0%	 test: 85.0%
Loss train: 0.332	 test: 0.333	 Accuracy train: 88.0%	 test: 86.5%
Loss train: 0.326	 test: 0.319	 Accuracy train: 87.2%	 test: 86.6%
Loss train: 0.296	 test: 0.308	 Accuracy train: 89.1%	 test: 87.4%
Loss train: 0.289	 test: 0.298	 Accuracy train: 88.8%	 test: 87.3%
Loss train: 0.280	 test: 0.288	 Accuracy train: 89.2%	 test: 88.5%
Training results saved to training_results.pkl

------------------------------------------------------------
Sender: LSF System <lsfadmin@hpc.dtu.dk>
Subject: Job 26190309: <sleeper> in cluster <dcc> Done

Job <sleeper> was submitted from host <n-62-27-18> by user <s243576> in cluster <dcc> at Sun Sep 21 21:35:26 2025
Job was executed on host(s) <4*n-62-20-11>, in queue <gpuv100>, as user <s243576> in cluster <dcc> at Sun Sep 21 21:35:27 2025
</zhome/fe/3/214307> was used as the home directory.
</zhome/fe/3/214307/pythonHPC/project1DL> was used as the working directory.
Started at Sun Sep 21 21:35:27 2025
Terminated at Sun Sep 21 21:40:12 2025
Results reported at Sun Sep 21 21:40:12 2025

Your job looked like:

------------------------------------------------------------
# LSBATCH: User input
#!/bin/bash
#BSUB -J sleeper                # Job name
#BSUB -q gpuv100                     # Queue to submit to
#BSUB -W 10                     # Wall time limit (20 minutes)
#BSUB -R "rusage[mem=2GB]"       # Memory requirement (5GB)
#BSUB -n 4                        # Number of CPUs (cores) - usually 1 is enough for GPU jobs
#BSUB -R "span[hosts=1]"           # All CPUs on a single host
#BSUB -gpu "num=1:mode=exclusive_process" # Request 1 GPU in exclusive_process mode
#BSUB -o error_J.out              # Standard output file
#BSUB -e error_%J.err             # Error output file - fixed typo in filename
python project1.py

------------------------------------------------------------

Successfully completed.

Resource usage summary:

    CPU time :                                   242.00 sec.
    Max Memory :                                 887 MB
    Average Memory :                             711.50 MB
    Total Requested Memory :                     8192.00 MB
    Delta Memory :                               7305.00 MB
    Max Swap :                                   -
    Max Processes :                              4
    Max Threads :                                11
    Run time :                                   294 sec.
    Turnaround time :                            286 sec.

The output (if any) is above this job summary.



PS:

Read file <error_26190309.err> for stderr output of this job.

